Building DAG of jobs...
Using shell: /bin/bash
Provided cores: 1 (use --cores to define parallelism)
Rules claiming more threads will be scaled down.
Job stats:
job          count    min threads    max threads
---------  -------  -------------  -------------
test_rule        1              1              1
total            1              1              1

Select jobs to execute...

[Tue Mar 15 16:19:32 2022]
rule test_rule:
    input: data/testData.rds
    output: out/testOutput.txt
    jobid: 0
    resources: tmpdir=/var/folders/12/8nyhyysj71726krwt80366q80000gr/T

[Tue Mar 15 16:19:32 2022]
Error in rule test_rule:
    jobid: 0
    output: out/testOutput.txt

RuleException:
NameError in line 20 of /Users/frbayer/Documents/phd_main/projects/graph-based-clustering/snakemake/Snakefile:
The name 'output' is unknown in this context. Please make sure that you defined that variable. Also note that braces not used for variable access have to be escaped by repeating them, i.e. {{print $1}}
  File "/Users/frbayer/Documents/phd_main/projects/graph-based-clustering/snakemake/Snakefile", line 20, in __rule_test_rule
  File "/Users/frbayer/mambaforge/envs/snakemake/lib/python3.10/concurrent/futures/thread.py", line 58, in run
Shutting down, this might take some time.
Exiting because a job execution failed. Look above for error message
Complete log: /Users/frbayer/Documents/phd_main/projects/graph-based-clustering/snakemake/.snakemake/log/2022-03-15T161931.744344.snakemake.log
